Copyright 1986-2018 Xilinx, Inc. All Rights Reserved.
-------------------------------------------------------------------------------------------------------------------------------
| Tool Version     : Vivado v.2018.2.1 (win64) Build 2288692 Thu Jul 26 18:24:02 MDT 2018
| Date             : Tue Mar 26 19:32:21 2019
| Host             : caplab05 running 64-bit major release  (build 9200)
| Command          : report_power -file Top_power_routed.rpt -pb Top_power_summary_routed.pb -rpx Top_power_routed.rpx
| Design           : Top
| Device           : xc7a100tcsg324-1
| Design State     : routed
| Grade            : commercial
| Process          : typical
| Characterization : Production
-------------------------------------------------------------------------------------------------------------------------------

Power Report

Table of Contents
-----------------
1. Summary
1.1 On-Chip Components
1.2 Power Supply Summary
1.3 Confidence Level
2. Settings
2.1 Environment
2.2 Clock Constraints
3. Detailed Reports
3.1 By Hierarchy

1. Summary
----------

+--------------------------+--------------+
| Total On-Chip Power (W)  | 0.112        |
| Design Power Budget (W)  | Unspecified* |
| Power Budget Margin (W)  | NA           |
| Dynamic (W)              | 0.015        |
| Device Static (W)        | 0.097        |
| Effective TJA (C/W)      | 4.6          |
| Max Ambient (C)          | 84.5         |
| Junction Temperature (C) | 25.5         |
| Confidence Level         | Low          |
| Setting File             | ---          |
| Simulation Activity File | ---          |
| Design Nets Matched      | NA           |
+--------------------------+--------------+
* Specify Design Power Budget using, set_operating_conditions -design_power_budget <value in Watts>


1.1 On-Chip Components
----------------------

+----------------+-----------+----------+-----------+-----------------+
| On-Chip        | Power (W) | Used     | Available | Utilization (%) |
+----------------+-----------+----------+-----------+-----------------+
| Clocks         |     0.002 |        3 |       --- |             --- |
| Slice Logic    |     0.001 |      904 |       --- |             --- |
|   LUT as Logic |     0.001 |      395 |     63400 |            0.62 |
|   CARRY4       |    <0.001 |       45 |     15850 |            0.28 |
|   Register     |    <0.001 |      343 |    126800 |            0.27 |
|   F7/F8 Muxes  |    <0.001 |        2 |     63400 |           <0.01 |
|   Others       |     0.000 |       39 |       --- |             --- |
| Signals        |     0.001 |      680 |       --- |             --- |
| Block RAM      |     0.002 |        1 |       135 |            0.74 |
| I/O            |     0.007 |       38 |       210 |           18.10 |
| Static Power   |     0.097 |          |           |                 |
| Total          |     0.112 |          |           |                 |
+----------------+-----------+----------+-----------+-----------------+


1.2 Power Supply Summary
------------------------

+-----------+-------------+-----------+-------------+------------+
| Source    | Voltage (V) | Total (A) | Dynamic (A) | Static (A) |
+-----------+-------------+-----------+-------------+------------+
| Vccint    |       1.000 |     0.022 |       0.007 |      0.015 |
| Vccaux    |       1.800 |     0.018 |       0.000 |      0.018 |
| Vcco33    |       3.300 |     0.006 |       0.002 |      0.004 |
| Vcco25    |       2.500 |     0.000 |       0.000 |      0.000 |
| Vcco18    |       1.800 |     0.000 |       0.000 |      0.000 |
| Vcco15    |       1.500 |     0.000 |       0.000 |      0.000 |
| Vcco135   |       1.350 |     0.000 |       0.000 |      0.000 |
| Vcco12    |       1.200 |     0.000 |       0.000 |      0.000 |
| Vccaux_io |       1.800 |     0.000 |       0.000 |      0.000 |
| Vccbram   |       1.000 |     0.000 |       0.000 |      0.000 |
| MGTAVcc   |       1.000 |     0.000 |       0.000 |      0.000 |
| MGTAVtt   |       1.200 |     0.000 |       0.000 |      0.000 |
| Vccadc    |       1.800 |     0.020 |       0.000 |      0.020 |
+-----------+-------------+-----------+-------------+------------+


1.3 Confidence Level
--------------------

+-----------------------------+------------+--------------------------------------------------------+------------------------------------------------------------------------------------------------------------+
| User Input Data             | Confidence | Details                                                | Action                                                                                                     |
+-----------------------------+------------+--------------------------------------------------------+------------------------------------------------------------------------------------------------------------+
| Design implementation state | High       | Design is routed                                       |                                                                                                            |
| Clock nodes activity        | High       | User specified more than 95% of clocks                 |                                                                                                            |
| I/O nodes activity          | Low        | More than 75% of inputs are missing user specification | Provide missing input activity with simulation results or by editing the "By Resource Type -> I/Os" view   |
| Internal nodes activity     | Medium     | User specified less than 25% of internal nodes         | Provide missing internal nodes activity with simulation results or by editing the "By Resource Type" views |
| Device models               | High       | Device models are Production                           |                                                                                                            |
|                             |            |                                                        |                                                                                                            |
| Overall confidence level    | Low        |                                                        |                                                                                                            |
+-----------------------------+------------+--------------------------------------------------------+------------------------------------------------------------------------------------------------------------+


2. Settings
-----------

2.1 Environment
---------------

+-----------------------+--------------------------+
| Ambient Temp (C)      | 25.0                     |
| ThetaJA (C/W)         | 4.6                      |
| Airflow (LFM)         | 250                      |
| Heat Sink             | medium (Medium Profile)  |
| ThetaSA (C/W)         | 4.6                      |
| Board Selection       | medium (10"x10")         |
| # of Board Layers     | 12to15 (12 to 15 Layers) |
| Board Temperature (C) | 25.0                     |
+-----------------------+--------------------------+


2.2 Clock Constraints
---------------------

+-------------+--------+-----------------+
| Clock       | Domain | Constraint (ns) |
+-------------+--------+-----------------+
| sys_clk_pin | clk    |            10.0 |
+-------------+--------+-----------------+


3. Detailed Reports
-------------------

3.1 By Hierarchy
----------------

+------------------------------------------------+-----------+
| Name                                           | Power (W) |
+------------------------------------------------+-----------+
| Top                                            |     0.015 |
|   CLKDIV1                                      |    <0.001 |
|   CLKDIV2                                      |    <0.001 |
|   C_RAM                                        |     0.002 |
|     U0                                         |     0.002 |
|       inst_blk_mem_gen                         |     0.002 |
|         gnbram.gnativebmg.native_blk_mem_gen   |     0.002 |
|           valid.cstr                           |     0.002 |
|             ramloop[0].ram.r                   |     0.002 |
|               prim_noinit.ram                  |     0.002 |
|   SSB                                          |    <0.001 |
|     Digit0                                     |    <0.001 |
|     Digit1                                     |    <0.001 |
|     Digit2                                     |    <0.001 |
|     Digit3                                     |    <0.001 |
|     Digit4                                     |    <0.001 |
|     Digit5                                     |    <0.001 |
|     Digit6                                     |    <0.001 |
|     Digit7                                     |    <0.001 |
|   c_ram_control                                |    <0.001 |
|   dis_control                                  |    <0.001 |
|   pushbtn_l                                    |     0.003 |
|     P_ROM                                      |    <0.001 |
|       U0                                       |    <0.001 |
|         inst_blk_mem_gen                       |    <0.001 |
|           gnbram.gnativebmg.native_blk_mem_gen |    <0.001 |
|             valid.cstr                         |    <0.001 |
|               ramloop[0].ram.r                 |    <0.001 |
|                 prim_init.ram                  |    <0.001 |
|     encrypt                                    |     0.002 |
|   pushbtn_r                                    |    <0.001 |
|     trans_1                                    |    <0.001 |
|   pushbtn_u                                    |    <0.001 |
+------------------------------------------------+-----------+


